<?xml version="1.0" encoding="UTF-8"?>
<testsuite xmlns:xsi="http://www.w3.org/2001/XMLSchema-instance" xsi:noNamespaceSchemaLocation="https://maven.apache.org/surefire/maven-surefire-plugin/xsd/surefire-test-report.xsd" name="TestSuite" time="30.107" tests="27" errors="0" skipped="0" failures="0">
  <properties>
    <property name="gopherProxySet" value="false"/>
    <property name="awt.toolkit" value="sun.lwawt.macosx.LWCToolkit"/>
    <property name="java.specification.version" value="11"/>
    <property name="sun.cpu.isalist" value=""/>
    <property name="sun.jnu.encoding" value="UTF-8"/>
    <property name="java.class.path" value="/Users/oscmora/eclipse-workspace/API-Automation/target/test-classes:/Users/oscmora/eclipse-workspace/API-Automation/target/classes:/Users/oscmora/.m2/repository/org/testng/testng/7.1.0/testng-7.1.0.jar:/Users/oscmora/.m2/repository/com/beust/jcommander/1.72/jcommander-1.72.jar:/Users/oscmora/.m2/repository/com/google/inject/guice/4.1.0/guice-4.1.0-no_aop.jar:/Users/oscmora/.m2/repository/javax/inject/javax.inject/1/javax.inject-1.jar:/Users/oscmora/.m2/repository/aopalliance/aopalliance/1.0/aopalliance-1.0.jar:/Users/oscmora/.m2/repository/com/google/guava/guava/19.0/guava-19.0.jar:/Users/oscmora/.m2/repository/org/yaml/snakeyaml/1.21/snakeyaml-1.21.jar:/Users/oscmora/.m2/repository/org/hamcrest/hamcrest-all/1.3/hamcrest-all-1.3.jar:/Users/oscmora/.m2/repository/com/fasterxml/jackson/core/jackson-core/2.12.0/jackson-core-2.12.0.jar:/Users/oscmora/.m2/repository/com/fasterxml/jackson/core/jackson-databind/2.11.3/jackson-databind-2.11.3.jar:/Users/oscmora/.m2/repository/com/fasterxml/jackson/core/jackson-annotations/2.11.3/jackson-annotations-2.11.3.jar:/Users/oscmora/.m2/repository/io/rest-assured/rest-assured/4.3.3/rest-assured-4.3.3.jar:/Users/oscmora/.m2/repository/org/codehaus/groovy/groovy/3.0.7/groovy-3.0.7.jar:/Users/oscmora/.m2/repository/org/codehaus/groovy/groovy-xml/3.0.7/groovy-xml-3.0.7.jar:/Users/oscmora/.m2/repository/org/apache/httpcomponents/httpclient/4.5.3/httpclient-4.5.3.jar:/Users/oscmora/.m2/repository/org/apache/httpcomponents/httpcore/4.4.6/httpcore-4.4.6.jar:/Users/oscmora/.m2/repository/commons-logging/commons-logging/1.2/commons-logging-1.2.jar:/Users/oscmora/.m2/repository/commons-codec/commons-codec/1.9/commons-codec-1.9.jar:/Users/oscmora/.m2/repository/org/apache/httpcomponents/httpmime/4.5.3/httpmime-4.5.3.jar:/Users/oscmora/.m2/repository/org/hamcrest/hamcrest/2.1/hamcrest-2.1.jar:/Users/oscmora/.m2/repository/org/ccil/cowan/tagsoup/tagsoup/1.2.1/tagsoup-1.2.1.jar:/Users/oscmora/.m2/repository/io/rest-assured/json-path/4.3.3/json-path-4.3.3.jar:/Users/oscmora/.m2/repository/org/codehaus/groovy/groovy-json/3.0.7/groovy-json-3.0.7.jar:/Users/oscmora/.m2/repository/io/rest-assured/rest-assured-common/4.3.3/rest-assured-common-4.3.3.jar:/Users/oscmora/.m2/repository/io/rest-assured/xml-path/4.3.3/xml-path-4.3.3.jar:/Users/oscmora/.m2/repository/org/apache/commons/commons-lang3/3.11/commons-lang3-3.11.jar:/Users/oscmora/.m2/repository/jakarta/xml/bind/jakarta.xml.bind-api/2.3.3/jakarta.xml.bind-api-2.3.3.jar:/Users/oscmora/.m2/repository/jakarta/activation/jakarta.activation-api/1.2.2/jakarta.activation-api-1.2.2.jar:/Users/oscmora/.m2/repository/com/sun/xml/bind/jaxb-impl/2.3.3/jaxb-impl-2.3.3.jar:/Users/oscmora/.m2/repository/org/json/json/20160810/json-20160810.jar:/Users/oscmora/.m2/repository/de/sven-jacobs/loremipsum/1.0/loremipsum-1.0.jar:"/>
    <property name="java.vm.vendor" value="AdoptOpenJDK"/>
    <property name="sun.arch.data.model" value="64"/>
    <property name="java.vendor.url" value="https://adoptopenjdk.net/"/>
    <property name="user.timezone" value=""/>
    <property name="java.vm.specification.version" value="11"/>
    <property name="os.name" value="Mac OS X"/>
    <property name="sun.java.launcher" value="SUN_STANDARD"/>
    <property name="user.country" value="CR"/>
    <property name="sun.boot.library.path" value="/Library/Java/JavaVirtualMachines/adoptopenjdk-11.jdk/Contents/Home/lib"/>
    <property name="sun.java.command" value="/Users/oscmora/eclipse-workspace/API-Automation/target/surefire/surefirebooter10946146485148196280.jar /Users/oscmora/eclipse-workspace/API-Automation/target/surefire 2021-02-20T16-25-47_401-jvmRun1 surefire3777337393648717190tmp surefire_02989982062595213210tmp"/>
    <property name="jdk.debug" value="release"/>
    <property name="surefire.test.class.path" value="/Users/oscmora/eclipse-workspace/API-Automation/target/test-classes:/Users/oscmora/eclipse-workspace/API-Automation/target/classes:/Users/oscmora/.m2/repository/org/testng/testng/7.1.0/testng-7.1.0.jar:/Users/oscmora/.m2/repository/com/beust/jcommander/1.72/jcommander-1.72.jar:/Users/oscmora/.m2/repository/com/google/inject/guice/4.1.0/guice-4.1.0-no_aop.jar:/Users/oscmora/.m2/repository/javax/inject/javax.inject/1/javax.inject-1.jar:/Users/oscmora/.m2/repository/aopalliance/aopalliance/1.0/aopalliance-1.0.jar:/Users/oscmora/.m2/repository/com/google/guava/guava/19.0/guava-19.0.jar:/Users/oscmora/.m2/repository/org/yaml/snakeyaml/1.21/snakeyaml-1.21.jar:/Users/oscmora/.m2/repository/org/hamcrest/hamcrest-all/1.3/hamcrest-all-1.3.jar:/Users/oscmora/.m2/repository/com/fasterxml/jackson/core/jackson-core/2.12.0/jackson-core-2.12.0.jar:/Users/oscmora/.m2/repository/com/fasterxml/jackson/core/jackson-databind/2.11.3/jackson-databind-2.11.3.jar:/Users/oscmora/.m2/repository/com/fasterxml/jackson/core/jackson-annotations/2.11.3/jackson-annotations-2.11.3.jar:/Users/oscmora/.m2/repository/io/rest-assured/rest-assured/4.3.3/rest-assured-4.3.3.jar:/Users/oscmora/.m2/repository/org/codehaus/groovy/groovy/3.0.7/groovy-3.0.7.jar:/Users/oscmora/.m2/repository/org/codehaus/groovy/groovy-xml/3.0.7/groovy-xml-3.0.7.jar:/Users/oscmora/.m2/repository/org/apache/httpcomponents/httpclient/4.5.3/httpclient-4.5.3.jar:/Users/oscmora/.m2/repository/org/apache/httpcomponents/httpcore/4.4.6/httpcore-4.4.6.jar:/Users/oscmora/.m2/repository/commons-logging/commons-logging/1.2/commons-logging-1.2.jar:/Users/oscmora/.m2/repository/commons-codec/commons-codec/1.9/commons-codec-1.9.jar:/Users/oscmora/.m2/repository/org/apache/httpcomponents/httpmime/4.5.3/httpmime-4.5.3.jar:/Users/oscmora/.m2/repository/org/hamcrest/hamcrest/2.1/hamcrest-2.1.jar:/Users/oscmora/.m2/repository/org/ccil/cowan/tagsoup/tagsoup/1.2.1/tagsoup-1.2.1.jar:/Users/oscmora/.m2/repository/io/rest-assured/json-path/4.3.3/json-path-4.3.3.jar:/Users/oscmora/.m2/repository/org/codehaus/groovy/groovy-json/3.0.7/groovy-json-3.0.7.jar:/Users/oscmora/.m2/repository/io/rest-assured/rest-assured-common/4.3.3/rest-assured-common-4.3.3.jar:/Users/oscmora/.m2/repository/io/rest-assured/xml-path/4.3.3/xml-path-4.3.3.jar:/Users/oscmora/.m2/repository/org/apache/commons/commons-lang3/3.11/commons-lang3-3.11.jar:/Users/oscmora/.m2/repository/jakarta/xml/bind/jakarta.xml.bind-api/2.3.3/jakarta.xml.bind-api-2.3.3.jar:/Users/oscmora/.m2/repository/jakarta/activation/jakarta.activation-api/1.2.2/jakarta.activation-api-1.2.2.jar:/Users/oscmora/.m2/repository/com/sun/xml/bind/jaxb-impl/2.3.3/jaxb-impl-2.3.3.jar:/Users/oscmora/.m2/repository/org/json/json/20160810/json-20160810.jar:/Users/oscmora/.m2/repository/de/sven-jacobs/loremipsum/1.0/loremipsum-1.0.jar:"/>
    <property name="sun.cpu.endian" value="little"/>
    <property name="user.home" value="/Users/oscmora"/>
    <property name="user.language" value="en"/>
    <property name="java.specification.vendor" value="Oracle Corporation"/>
    <property name="java.version.date" value="2020-11-04"/>
    <property name="java.home" value="/Library/Java/JavaVirtualMachines/adoptopenjdk-11.jdk/Contents/Home"/>
    <property name="file.separator" value="/"/>
    <property name="basedir" value="/Users/oscmora/eclipse-workspace/API-Automation"/>
    <property name="java.vm.compressedOopsMode" value="Zero based"/>
    <property name="line.separator" value="&#10;"/>
    <property name="java.specification.name" value="Java Platform API Specification"/>
    <property name="java.vm.specification.vendor" value="Oracle Corporation"/>
    <property name="java.awt.graphicsenv" value="sun.awt.CGraphicsEnvironment"/>
    <property name="surefire.real.class.path" value="/Users/oscmora/eclipse-workspace/API-Automation/target/surefire/surefirebooter10946146485148196280.jar"/>
    <property name="sun.management.compiler" value="HotSpot 64-Bit Tiered Compilers"/>
    <property name="java.runtime.version" value="11.0.9.1+1"/>
    <property name="user.name" value="oscmora"/>
    <property name="path.separator" value=":"/>
    <property name="os.version" value="10.15.7"/>
    <property name="java.runtime.name" value="OpenJDK Runtime Environment"/>
    <property name="file.encoding" value="UTF-8"/>
    <property name="java.vm.name" value="OpenJDK 64-Bit Server VM"/>
    <property name="java.vendor.version" value="AdoptOpenJDK"/>
    <property name="localRepository" value="/Users/oscmora/.m2/repository"/>
    <property name="java.vendor.url.bug" value="https://github.com/AdoptOpenJDK/openjdk-support/issues"/>
    <property name="java.io.tmpdir" value="/var/folders/x7/r5v5rlz511v0bdkrl6h1_1cxmz0qcq/T/"/>
    <property name="java.version" value="11.0.9.1"/>
    <property name="user.dir" value="/Users/oscmora/eclipse-workspace/API-Automation"/>
    <property name="os.arch" value="x86_64"/>
    <property name="java.vm.specification.name" value="Java Virtual Machine Specification"/>
    <property name="java.awt.printerjob" value="sun.lwawt.macosx.CPrinterJob"/>
    <property name="sun.os.patch.level" value="unknown"/>
    <property name="java.library.path" value="/Users/oscmora/Library/Java/Extensions:/Library/Java/Extensions:/Network/Library/Java/Extensions:/System/Library/Java/Extensions:/usr/lib/java:."/>
    <property name="java.vm.info" value="mixed mode"/>
    <property name="java.vendor" value="AdoptOpenJDK"/>
    <property name="java.vm.version" value="11.0.9.1+1"/>
    <property name="sun.io.unicode.encoding" value="UnicodeBig"/>
    <property name="java.class.version" value="55.0"/>
  </properties>
  <testcase name="Test_Create_Article" classname="tests.ArticleTest" time="4.597"/>
  <testcase name="Test_Create_Article_Fail" classname="tests.ArticleTest" time="0.518"/>
  <testcase name="Test_CreateUser_AlreadyExist" classname="tests.UserTest" time="0.587"/>
  <testcase name="create_comment" classname="tests.CommentTest" time="0.68"/>
  <testcase name="create_comment_negative" classname="tests.CommentTest" time="0.63"/>
  <testcase name="delete_comment_negative" classname="tests.CommentTest" time="0.672"/>
  <testcase name="get_Comment" classname="tests.CommentTest" time="0.668"/>
  <testcase name="get_Comment_Negative" classname="tests.CommentTest" time="0.647"/>
  <testcase name="get_allComments" classname="tests.CommentTest" time="0.602"/>
  <testcase name="get_allComments_Negative" classname="tests.CommentTest" time="0.563"/>
  <testcase name="update_comment_negativet" classname="tests.CommentTest" time="0.585"/>
  <testcase name="Test_Create_User_Successful" classname="tests.UserTest" time="0.725"/>
  <testcase name="update_comment" classname="tests.CommentTest" time="0.625"/>
  <testcase name="Test_Login_Successful" classname="tests.UserTest" time="0.705"/>
  <testcase name="delete_comment" classname="tests.CommentTest" time="0.624"/>
  <testcase name="Test_HomePage" classname="tests.MiscTest" time="0.467"/>
  <testcase name="Test_Ping" classname="tests.MiscTest" time="0.528"/>
  <testcase name="create_post" classname="tests.PostTest" time="1.182"/>
  <testcase name="create_post_with_fake_token" classname="tests.PostTest" time="0.588"/>
  <testcase name="delete_post_negative" classname="tests.PostTest" time="1.2"/>
  <testcase name="get_allPosts" classname="tests.PostTest" time="1.256"/>
  <testcase name="get_allPosts_Negative" classname="tests.PostTest" time="0.476"/>
  <testcase name="get_post" classname="tests.PostTest" time="2.531"/>
  <testcase name="get_post_negative" classname="tests.PostTest" time="1.513"/>
  <testcase name="update_post" classname="tests.PostTest" time="2.555"/>
  <testcase name="update_post_invalidId" classname="tests.PostTest" time="1.191"/>
  <testcase name="delete_post" classname="tests.PostTest" time="1.182"/>
</testsuite>