<?xml version="1.0" encoding="UTF-8"?>
<!-- Generated by org.testng.reporters.JUnitReportReporter -->
<testsuite skipped="0" hostname="WKMCR8305942" name="tests.CommentTest" tests="10" failures="0" timestamp="2021-02-20T16:25:36 CST" time="9.736" errors="0">
  <testcase name="get_allComments_Negative" time="0.624" classname="tests.CommentTest"/>
  <system-out/>
  <testcase name="get_allComments" time="0.634" classname="tests.CommentTest"/>
  <system-out/>
  <testcase name="update_comment_negativet" time="0.602" classname="tests.CommentTest"/>
  <system-out/>
  <testcase name="create_comment" time="3.983" classname="tests.CommentTest"/>
  <system-out/>
  <testcase name="get_Comment_Negative" time="0.596" classname="tests.CommentTest"/>
  <system-out/>
  <testcase name="delete_comment_negative" time="0.614" classname="tests.CommentTest"/>
  <system-out/>
  <testcase name="get_Comment" time="0.666" classname="tests.CommentTest"/>
  <system-out/>
  <testcase name="create_comment_negative" time="0.787" classname="tests.CommentTest"/>
  <system-out/>
  <testcase name="update_comment" time="0.607" classname="tests.CommentTest"/>
  <system-out/>
  <testcase name="delete_comment" time="0.623" classname="tests.CommentTest"/>
  <system-out/>
</testsuite> <!-- tests.CommentTest -->
