<?xml version="1.0" encoding="UTF-8"?>
<!-- Generated by org.testng.reporters.JUnitReportReporter -->
<testsuite skipped="0" hostname="WKMCR8305942" name="tests.CommentTest" tests="1" failures="0" timestamp="2021-02-20T14:42:32 CST" time="2.573" errors="0">
  <testcase name="get_Comment_Negative" time="2.573" classname="tests.CommentTest"/>
  <system-out/>
</testsuite> <!-- tests.CommentTest -->
