<?xml version="1.0" encoding="UTF-8"?>
<!-- Generated by org.testng.reporters.JUnitReportReporter -->
<testsuite skipped="0" hostname="WKMCR8305942" name="tests.CommentTest" tests="10" failures="0" timestamp="2021-02-20T15:52:14 CST" time="6.519" errors="0">
  <testcase name="create_comment" time="0.693" classname="tests.CommentTest"/>
  <system-out/>
  <testcase name="get_Comment_Negative" time="0.654" classname="tests.CommentTest"/>
  <system-out/>
  <testcase name="get_allComments_Negative" time="0.658" classname="tests.CommentTest"/>
  <system-out/>
  <testcase name="delete_comment_negative" time="0.617" classname="tests.CommentTest"/>
  <system-out/>
  <testcase name="update_comment_negativet" time="0.601" classname="tests.CommentTest"/>
  <system-out/>
  <testcase name="get_allComments" time="0.737" classname="tests.CommentTest"/>
  <system-out/>
  <testcase name="create_comment_negative" time="0.767" classname="tests.CommentTest"/>
  <system-out/>
  <testcase name="get_Comment" time="0.628" classname="tests.CommentTest"/>
  <system-out/>
  <testcase name="update_comment" time="0.563" classname="tests.CommentTest"/>
  <system-out/>
  <testcase name="delete_comment" time="0.601" classname="tests.CommentTest"/>
  <system-out/>
</testsuite> <!-- tests.CommentTest -->
