<?xml version="1.0" encoding="UTF-8"?>
<!-- Generated by org.testng.reporters.JUnitReportReporter -->
<testsuite skipped="0" hostname="WKMCR8305942" name="tests.PostTest" tests="10" failures="0" timestamp="2021-02-20T15:52:14 CST" time="16.345" errors="0">
  <testcase name="update_post" time="4.023" classname="tests.PostTest"/>
  <system-out/>
  <testcase name="create_post" time="1.380" classname="tests.PostTest"/>
  <system-out/>
  <testcase name="get_post_negative" time="1.352" classname="tests.PostTest"/>
  <system-out/>
  <testcase name="delete_post_negative" time="1.537" classname="tests.PostTest"/>
  <system-out/>
  <testcase name="update_post_invalidId" time="1.126" classname="tests.PostTest"/>
  <system-out/>
  <testcase name="create_post_with_fake_token" time="0.605" classname="tests.PostTest"/>
  <system-out/>
  <testcase name="get_post" time="2.504" classname="tests.PostTest"/>
  <system-out/>
  <testcase name="get_allPosts" time="1.816" classname="tests.PostTest"/>
  <system-out/>
  <testcase name="get_allPosts_Negative" time="0.516" classname="tests.PostTest"/>
  <system-out/>
  <testcase name="delete_post" time="1.486" classname="tests.PostTest"/>
  <system-out/>
</testsuite> <!-- tests.PostTest -->
