<?xml version="1.0" encoding="UTF-8"?>
<!-- Generated by org.testng.reporters.JUnitReportReporter -->
<testsuite skipped="0" hostname="WKMCR8305942" name="ArticleTest" tests="2" failures="0" timestamp="2021-02-16T17:34:35 CST" time="5.592" errors="0">
  <testcase name="Test_Create_Article" time="4.982" classname="ArticleTest"/>
  <system-out/>
  <testcase name="Test_Create_Article_Fail" time="0.610" classname="ArticleTest"/>
  <system-out/>
</testsuite> <!-- ArticleTest -->
