<?xml version="1.0" encoding="UTF-8"?>
<!-- Generated by org.testng.reporters.JUnitReportReporter -->
<testsuite skipped="0" hostname="WKMCR8305942" name="tests.MiscTest" tests="2" failures="0" timestamp="2021-02-16T17:39:57 CST" time="4.204" errors="0">
  <testcase name="Test_HomePage" time="2.546" classname="tests.MiscTest"/>
  <system-out/>
  <testcase name="Test_Ping" time="1.658" classname="tests.MiscTest"/>
  <system-out/>
</testsuite> <!-- tests.MiscTest -->
