<?xml version="1.0" encoding="UTF-8"?>
<!-- Generated by org.testng.reporters.JUnitReportReporter -->
<testsuite skipped="0" hostname="WKMCR8305942" name="tests.PostTest" tests="1" failures="0" timestamp="2021-02-20T14:21:11 CST" time="4.691" errors="0">
  <testcase name="create_post" time="4.691" classname="tests.PostTest"/>
  <system-out/>
</testsuite> <!-- tests.PostTest -->
