<?xml version="1.0" encoding="UTF-8"?>
<!-- Generated by org.testng.reporters.JUnitReportReporter -->
<testsuite skipped="0" hostname="WKMCR8305942" name="MiscTest" tests="2" failures="0" timestamp="2021-02-10T20:27:12 CST" time="4.809" errors="0">
  <testcase name="Test_HomePage" time="2.165" classname="MiscTest"/>
  <system-out/>
  <testcase name="Test_Ping" time="2.644" classname="MiscTest"/>
  <system-out/>
</testsuite> <!-- MiscTest -->
