<?xml version="1.0" encoding="UTF-8"?>
<!-- Generated by org.testng.reporters.JUnitReportReporter -->
<testsuite skipped="0" hostname="WKMCR8305942" name="UserTest" tests="3" failures="0" timestamp="2021-02-10T21:33:56 CST" time="5.794" errors="0">
  <testcase name="Test_CreateUser_AlreadyExist" time="4.554" classname="UserTest"/>
  <system-out/>
  <testcase name="Test_Create_User_Successful" time="0.630" classname="UserTest"/>
  <system-out/>
  <testcase name="Test_Login_Successful" time="0.610" classname="UserTest"/>
  <system-out/>
</testsuite> <!-- UserTest -->
