<?xml version="1.0" encoding="UTF-8"?>
<!-- Generated by org.testng.reporters.JUnitReportReporter -->
<testsuite skipped="0" hostname="WKMCR8305942" name="tests.UserTest" tests="3" failures="0" timestamp="2021-02-20T15:52:14 CST" time="5.601" errors="0">
  <testcase name="Test_CreateUser_AlreadyExist" time="4.027" classname="tests.UserTest"/>
  <system-out/>
  <testcase name="Test_Create_User_Successful" time="0.909" classname="tests.UserTest"/>
  <system-out/>
  <testcase name="Test_Login_Successful" time="0.665" classname="tests.UserTest"/>
  <system-out/>
</testsuite> <!-- tests.UserTest -->
