<?xml version="1.0" encoding="UTF-8"?>
<!-- Generated by org.testng.reporters.JUnitReportReporter -->
<testsuite skipped="0" hostname="WKMCR8305942" name="tests.UserTest" tests="1" failures="0" timestamp="2021-02-17T20:27:37 CST" time="4.598" errors="0">
  <testcase name="Test_Create_User_Successful" time="4.598" classname="tests.UserTest"/>
  <system-out/>
</testsuite> <!-- tests.UserTest -->
