<?xml version="1.0" encoding="UTF-8"?>
<!-- Generated by org.testng.reporters.JUnitReportReporter -->
<testsuite skipped="0" hostname="WKMCR8305942" name="tests.PostTest" tests="1" failures="0" timestamp="2021-02-20T13:36:05 CST" time="5.050" errors="0">
  <testcase name="delete_post_negative" time="5.050" classname="tests.PostTest"/>
  <system-out/>
</testsuite> <!-- tests.PostTest -->
