<?xml version="1.0" encoding="UTF-8"?>
<!-- Generated by org.testng.reporters.JUnitReportReporter -->
<testsuite skipped="0" hostname="WKMCR8305942" name="tests.PostTest" tests="10" failures="0" timestamp="2021-02-20T16:10:16 CST" time="16.728" errors="0">
  <testcase name="create_post_with_fake_token" time="0.636" classname="tests.PostTest"/>
  <system-out/>
  <testcase name="update_post_invalidId" time="1.370" classname="tests.PostTest"/>
  <system-out/>
  <testcase name="get_post" time="2.794" classname="tests.PostTest"/>
  <system-out/>
  <testcase name="get_post_negative" time="1.814" classname="tests.PostTest"/>
  <system-out/>
  <testcase name="update_post" time="2.903" classname="tests.PostTest"/>
  <system-out/>
  <testcase name="delete_post_negative" time="1.539" classname="tests.PostTest"/>
  <system-out/>
  <testcase name="get_allPosts" time="1.797" classname="tests.PostTest"/>
  <system-out/>
  <testcase name="get_allPosts_Negative" time="0.498" classname="tests.PostTest"/>
  <system-out/>
  <testcase name="create_post" time="1.436" classname="tests.PostTest"/>
  <system-out/>
  <testcase name="delete_post" time="1.941" classname="tests.PostTest"/>
  <system-out/>
</testsuite> <!-- tests.PostTest -->
