<?xml version="1.0" encoding="UTF-8"?>
<!-- Generated by org.testng.reporters.JUnitReportReporter -->
<testsuite skipped="0" hostname="WKMCR8305942" name="tests.CommentTest" tests="10" failures="0" timestamp="2021-02-20T16:10:16 CST" time="10.230" errors="0">
  <testcase name="get_Comment" time="0.616" classname="tests.CommentTest"/>
  <system-out/>
  <testcase name="update_comment_negativet" time="0.708" classname="tests.CommentTest"/>
  <system-out/>
  <testcase name="delete_comment_negative" time="0.622" classname="tests.CommentTest"/>
  <system-out/>
  <testcase name="get_allComments" time="0.636" classname="tests.CommentTest"/>
  <system-out/>
  <testcase name="create_comment_negative" time="0.729" classname="tests.CommentTest"/>
  <system-out/>
  <testcase name="create_comment" time="4.317" classname="tests.CommentTest"/>
  <system-out/>
  <testcase name="get_allComments_Negative" time="0.660" classname="tests.CommentTest"/>
  <system-out/>
  <testcase name="get_Comment_Negative" time="0.652" classname="tests.CommentTest"/>
  <system-out/>
  <testcase name="update_comment" time="0.684" classname="tests.CommentTest"/>
  <system-out/>
  <testcase name="delete_comment" time="0.606" classname="tests.CommentTest"/>
  <system-out/>
</testsuite> <!-- tests.CommentTest -->
