<?xml version="1.0" encoding="UTF-8"?>
<!-- Generated by org.testng.reporters.JUnitReportReporter -->
<testsuite skipped="0" hostname="WKMCR8305942" name="tests.MiscTest" tests="2" failures="0" timestamp="2021-02-20T15:52:14 CST" time="1.243" errors="0">
  <testcase name="Test_Ping" time="0.685" classname="tests.MiscTest"/>
  <system-out/>
  <testcase name="Test_HomePage" time="0.558" classname="tests.MiscTest"/>
  <system-out/>
</testsuite> <!-- tests.MiscTest -->
