<?xml version="1.0" encoding="UTF-8"?>
<!-- Generated by org.testng.reporters.JUnitReportReporter -->
<testsuite hostname="WKMCR8305942" failures="0" tests="10" name="tests.CommentTest" time="6.967" errors="0" timestamp="2021-02-20T16:05:11 CST" skipped="0">
  <testcase classname="tests.CommentTest" name="create_comment" time="0.819"/>
  <system-out/>
  <testcase classname="tests.CommentTest" name="get_allComments" time="0.758"/>
  <system-out/>
  <testcase classname="tests.CommentTest" name="get_Comment" time="0.606"/>
  <system-out/>
  <testcase classname="tests.CommentTest" name="delete_comment_negative" time="0.695"/>
  <system-out/>
  <testcase classname="tests.CommentTest" name="get_Comment_Negative" time="0.644"/>
  <system-out/>
  <testcase classname="tests.CommentTest" name="create_comment_negative" time="0.772"/>
  <system-out/>
  <testcase classname="tests.CommentTest" name="get_allComments_Negative" time="0.651"/>
  <system-out/>
  <testcase classname="tests.CommentTest" name="update_comment_negativet" time="0.685"/>
  <system-out/>
  <testcase classname="tests.CommentTest" name="update_comment" time="0.661"/>
  <system-out/>
  <testcase classname="tests.CommentTest" name="delete_comment" time="0.676"/>
  <system-out/>
</testsuite> <!-- tests.CommentTest -->
