<?xml version="1.0" encoding="UTF-8"?>
<!-- Generated by org.testng.reporters.JUnitReportReporter -->
<testsuite hostname="WKMCR8305942" failures="0" tests="2" name="tests.ArticleTest" time="6.013" errors="0" timestamp="2021-02-20T13:09:10 CST" skipped="0">
  <testcase classname="tests.ArticleTest" name="Test_Create_Article" time="5.475"/>
  <system-out/>
  <testcase classname="tests.ArticleTest" name="Test_Create_Article_Fail" time="0.538"/>
  <system-out/>
</testsuite> <!-- tests.ArticleTest -->
