<?xml version="1.0" encoding="UTF-8"?>
<!-- Generated by org.testng.reporters.JUnitReportReporter -->
<testsuite hostname="WKMCR8305942" failures="0" tests="2" name="tests.MiscTest" time="1.141" errors="0" timestamp="2021-02-20T13:09:10 CST" skipped="0">
  <testcase classname="tests.MiscTest" name="Test_HomePage" time="0.530"/>
  <system-out/>
  <testcase classname="tests.MiscTest" name="Test_Ping" time="0.611"/>
  <system-out/>
</testsuite> <!-- tests.MiscTest -->
