<?xml version="1.0" encoding="UTF-8"?>
<!-- Generated by org.testng.reporters.JUnitReportReporter -->
<testsuite hostname="WKMCR8305942" failures="0" tests="10" name="tests.PostTest" time="14.892" errors="0" timestamp="2021-02-20T15:57:17 CST" skipped="0">
  <testcase classname="tests.PostTest" name="update_post_invalidId" time="1.131"/>
  <system-out/>
  <testcase classname="tests.PostTest" name="get_allPosts" time="1.615"/>
  <system-out/>
  <testcase classname="tests.PostTest" name="update_post" time="2.290"/>
  <system-out/>
  <testcase classname="tests.PostTest" name="create_post_with_fake_token" time="0.579"/>
  <system-out/>
  <testcase classname="tests.PostTest" name="get_allPosts_Negative" time="0.873"/>
  <system-out/>
  <testcase classname="tests.PostTest" name="create_post" time="1.223"/>
  <system-out/>
  <testcase classname="tests.PostTest" name="get_post" time="3.307"/>
  <system-out/>
  <testcase classname="tests.PostTest" name="get_post_negative" time="1.209"/>
  <system-out/>
  <testcase classname="tests.PostTest" name="delete_post_negative" time="1.159"/>
  <system-out/>
  <testcase classname="tests.PostTest" name="delete_post" time="1.506"/>
  <system-out/>
</testsuite> <!-- tests.PostTest -->
