<?xml version="1.0" encoding="UTF-8"?>
<!-- Generated by org.testng.reporters.JUnitReportReporter -->
<testsuite hostname="WKMCR8305942" failures="0" tests="10" name="tests.CommentTest" time="23.081" errors="0" timestamp="2021-02-20T15:57:17 CST" skipped="0">
  <testcase classname="tests.CommentTest" name="create_comment" time="0.665"/>
  <system-out/>
  <testcase classname="tests.CommentTest" name="get_allComments" time="0.563"/>
  <system-out/>
  <testcase classname="tests.CommentTest" name="get_Comment" time="0.671"/>
  <system-out/>
  <testcase classname="tests.CommentTest" name="delete_comment_negative" time="0.617"/>
  <system-out/>
  <testcase classname="tests.CommentTest" name="get_Comment_Negative" time="0.627"/>
  <system-out/>
  <testcase classname="tests.CommentTest" name="create_comment_negative" time="0.658"/>
  <system-out/>
  <testcase classname="tests.CommentTest" name="get_allComments_Negative" time="0.587"/>
  <system-out/>
  <testcase classname="tests.CommentTest" name="update_comment_negativet" time="0.635"/>
  <system-out/>
  <testcase classname="tests.CommentTest" name="update_comment" time="0.740"/>
  <system-out/>
  <testcase classname="tests.CommentTest" name="delete_comment" time="17.318"/>
  <system-out/>
</testsuite> <!-- tests.CommentTest -->
