<?xml version="1.0" encoding="UTF-8"?>
<!-- Generated by org.testng.reporters.JUnitReportReporter -->
<testsuite hostname="WKMCR8305942" failures="0" tests="2" name="tests.MiscTest" time="0.993" errors="0" timestamp="2021-02-20T16:26:18 CST" skipped="0">
  <testcase classname="tests.MiscTest" name="Test_Ping" time="0.526"/>
  <system-out/>
  <testcase classname="tests.MiscTest" name="Test_HomePage" time="0.467"/>
  <system-out/>
</testsuite> <!-- tests.MiscTest -->
