<?xml version="1.0" encoding="UTF-8"?>
<!-- Generated by org.testng.reporters.JUnitReportReporter -->
<testsuite hostname="WKMCR8305942" failures="0" tests="10" name="tests.PostTest" time="14.300" errors="0" timestamp="2021-02-20T16:05:11 CST" skipped="0">
  <testcase classname="tests.PostTest" name="update_post_invalidId" time="1.208"/>
  <system-out/>
  <testcase classname="tests.PostTest" name="get_allPosts" time="1.600"/>
  <system-out/>
  <testcase classname="tests.PostTest" name="update_post" time="2.498"/>
  <system-out/>
  <testcase classname="tests.PostTest" name="create_post_with_fake_token" time="0.529"/>
  <system-out/>
  <testcase classname="tests.PostTest" name="get_allPosts_Negative" time="0.536"/>
  <system-out/>
  <testcase classname="tests.PostTest" name="create_post" time="1.321"/>
  <system-out/>
  <testcase classname="tests.PostTest" name="get_post" time="2.471"/>
  <system-out/>
  <testcase classname="tests.PostTest" name="get_post_negative" time="1.241"/>
  <system-out/>
  <testcase classname="tests.PostTest" name="delete_post_negative" time="1.496"/>
  <system-out/>
  <testcase classname="tests.PostTest" name="delete_post" time="1.400"/>
  <system-out/>
</testsuite> <!-- tests.PostTest -->
