<?xml version="1.0" encoding="UTF-8"?>
<!-- Generated by org.testng.reporters.JUnitReportReporter -->
<testsuite hostname="WKMCR8305942" failures="0" tests="10" name="tests.CommentTest" time="6.506" errors="0" timestamp="2021-02-20T16:28:18 CST" skipped="0">
  <testcase classname="tests.CommentTest" name="get_Comment" time="0.680"/>
  <system-out/>
  <testcase classname="tests.CommentTest" name="get_allComments" time="0.604"/>
  <system-out/>
  <testcase classname="tests.CommentTest" name="get_Comment_Negative" time="0.639"/>
  <system-out/>
  <testcase classname="tests.CommentTest" name="create_comment_negative" time="0.643"/>
  <system-out/>
  <testcase classname="tests.CommentTest" name="create_comment" time="0.692"/>
  <system-out/>
  <testcase classname="tests.CommentTest" name="update_comment_negativet" time="0.637"/>
  <system-out/>
  <testcase classname="tests.CommentTest" name="delete_comment_negative" time="0.721"/>
  <system-out/>
  <testcase classname="tests.CommentTest" name="get_allComments_Negative" time="0.614"/>
  <system-out/>
  <testcase classname="tests.CommentTest" name="update_comment" time="0.684"/>
  <system-out/>
  <testcase classname="tests.CommentTest" name="delete_comment" time="0.592"/>
  <system-out/>
</testsuite> <!-- tests.CommentTest -->
