<?xml version="1.0" encoding="UTF-8"?>
<!-- Generated by org.testng.reporters.JUnitReportReporter -->
<testsuite hostname="WKMCR8305942" failures="0" tests="10" name="tests.PostTest" time="13.671" errors="0" timestamp="2021-02-20T16:26:18 CST" skipped="0">
  <testcase classname="tests.PostTest" name="update_post_invalidId" time="1.190"/>
  <system-out/>
  <testcase classname="tests.PostTest" name="get_allPosts" time="1.250"/>
  <system-out/>
  <testcase classname="tests.PostTest" name="update_post" time="2.556"/>
  <system-out/>
  <testcase classname="tests.PostTest" name="create_post_with_fake_token" time="0.587"/>
  <system-out/>
  <testcase classname="tests.PostTest" name="get_allPosts_Negative" time="0.481"/>
  <system-out/>
  <testcase classname="tests.PostTest" name="create_post" time="1.182"/>
  <system-out/>
  <testcase classname="tests.PostTest" name="get_post" time="2.531"/>
  <system-out/>
  <testcase classname="tests.PostTest" name="get_post_negative" time="1.512"/>
  <system-out/>
  <testcase classname="tests.PostTest" name="delete_post_negative" time="1.200"/>
  <system-out/>
  <testcase classname="tests.PostTest" name="delete_post" time="1.182"/>
  <system-out/>
</testsuite> <!-- tests.PostTest -->
