<?xml version="1.0" encoding="UTF-8"?>
<!-- Generated by org.testng.reporters.JUnitReportReporter -->
<testsuite hostname="WKMCR8305942" failures="0" tests="3" name="tests.UserTest" time="2.075" errors="0" timestamp="2021-02-20T16:28:18 CST" skipped="0">
  <testcase classname="tests.UserTest" name="Test_CreateUser_AlreadyExist" time="0.571"/>
  <system-out/>
  <testcase classname="tests.UserTest" name="Test_Create_User_Successful" time="0.843"/>
  <system-out/>
  <testcase classname="tests.UserTest" name="Test_Login_Successful" time="0.661"/>
  <system-out/>
</testsuite> <!-- tests.UserTest -->
