<?xml version="1.0" encoding="UTF-8"?>
<!-- Generated by org.testng.reporters.JUnitReportReporter -->
<testsuite hostname="WKMCR8305942" failures="0" tests="2" name="tests.ArticleTest" time="4.939" errors="0" timestamp="2021-02-20T15:57:17 CST" skipped="0">
  <testcase classname="tests.ArticleTest" name="Test_Create_Article" time="4.395"/>
  <system-out/>
  <testcase classname="tests.ArticleTest" name="Test_Create_Article_Fail" time="0.544"/>
  <system-out/>
</testsuite> <!-- tests.ArticleTest -->
