<?xml version="1.0" encoding="UTF-8"?>
<!-- Generated by org.testng.reporters.JUnitReportReporter -->
<testsuite hostname="WKMCR8305942" failures="0" tests="2" name="tests.MiscTest" time="0.951" errors="0" timestamp="2021-02-20T15:57:17 CST" skipped="0">
  <testcase classname="tests.MiscTest" name="Test_Ping" time="0.485"/>
  <system-out/>
  <testcase classname="tests.MiscTest" name="Test_HomePage" time="0.466"/>
  <system-out/>
</testsuite> <!-- tests.MiscTest -->
