<?xml version="1.0" encoding="UTF-8"?>
<!-- Generated by org.testng.reporters.JUnitReportReporter -->
<testsuite hostname="WKMCR8305942" failures="0" tests="2" name="tests.ArticleTest" time="5.192" errors="0" timestamp="2021-02-20T16:05:11 CST" skipped="0">
  <testcase classname="tests.ArticleTest" name="Test_Create_Article" time="4.586"/>
  <system-out/>
  <testcase classname="tests.ArticleTest" name="Test_Create_Article_Fail" time="0.606"/>
  <system-out/>
</testsuite> <!-- tests.ArticleTest -->
