<?xml version="1.0" encoding="UTF-8"?>
<!-- Generated by org.testng.reporters.JUnitReportReporter -->
<testsuite hostname="WKMCR8305942" failures="0" tests="9" name="tests.PostTest" time="12.872" errors="0" timestamp="2021-02-20T13:09:10 CST" skipped="0">
  <testcase classname="tests.PostTest" name="get_allPosts_Negative" time="0.512"/>
  <system-out/>
  <testcase classname="tests.PostTest" name="create_post" time="1.317"/>
  <system-out/>
  <testcase classname="tests.PostTest" name="create_post_with_fake_token" time="0.527"/>
  <system-out/>
  <testcase classname="tests.PostTest" name="update_post_invalidId" time="1.369"/>
  <system-out/>
  <testcase classname="tests.PostTest" name="get_post" time="2.942"/>
  <system-out/>
  <testcase classname="tests.PostTest" name="update_post" time="2.685"/>
  <system-out/>
  <testcase classname="tests.PostTest" name="get_allPosts" time="1.201"/>
  <system-out/>
  <testcase classname="tests.PostTest" name="get_post_negative" time="1.108"/>
  <system-out/>
  <testcase classname="tests.PostTest" name="delete_post" time="1.211"/>
  <system-out/>
</testsuite> <!-- tests.PostTest -->
