<?xml version="1.0" encoding="UTF-8"?>
<!-- Generated by org.testng.reporters.JUnitReportReporter -->
<testsuite hostname="WKMCR8305942" failures="0" tests="10" name="tests.PostTest" time="14.585" errors="0" timestamp="2021-02-20T16:28:18 CST" skipped="0">
  <testcase classname="tests.PostTest" name="update_post_invalidId" time="1.379"/>
  <system-out/>
  <testcase classname="tests.PostTest" name="get_allPosts_Negative" time="0.525"/>
  <system-out/>
  <testcase classname="tests.PostTest" name="get_allPosts" time="1.329"/>
  <system-out/>
  <testcase classname="tests.PostTest" name="update_post" time="2.462"/>
  <system-out/>
  <testcase classname="tests.PostTest" name="create_post" time="1.323"/>
  <system-out/>
  <testcase classname="tests.PostTest" name="get_post_negative" time="1.224"/>
  <system-out/>
  <testcase classname="tests.PostTest" name="delete_post_negative" time="1.165"/>
  <system-out/>
  <testcase classname="tests.PostTest" name="create_post_with_fake_token" time="0.615"/>
  <system-out/>
  <testcase classname="tests.PostTest" name="get_post" time="2.788"/>
  <system-out/>
  <testcase classname="tests.PostTest" name="delete_post" time="1.775"/>
  <system-out/>
</testsuite> <!-- tests.PostTest -->
